<?xml version="1.0" encoding="UTF-8" ?>
<testsuite tests="4" failures="0" name="RunCucumberTest" time="2.51" errors="4" skipped="0">
  <properties>
[...]
</properties>
  <testcase classname="Amazon create account page should have verification on all the fields" name="All of the fields should display an error when not populated on form submission #1" time="2.174">
    <error message="The step &apos;I am on the site homepage&apos; and 6 other step(s) are undefined.
You can implement these steps using the snippet(s) below:

@Given(&quot;I am on the site homepage&quot;)
public void i_am_on_the_site_homepage() {
    // Write code here that turns the phrase above into concrete actions
    throw new io.cucumber.java.PendingException();
}
@When(&quot;I click on {string} on the {string} Page&quot;)
public void i_click_on_on_the_page(String string, String string2) {
    // Write code here that turns the phrase above into concrete actions
    throw new io.cucumber.java.PendingException();
}
@When(&quot;I enter {string} into all the fields on the page&quot;)
public void i_enter_into_all_the_fields_on_the_page(String string) {
    // Write code here that turns the phrase above into concrete actions
    throw new io.cucumber.java.PendingException();
}
@When(&quot;I clear the {string} field on the Create Account Page&quot;)
public void i_clear_the_field_on_the_create_account_page(String string) {
    // Write code here that turns the phrase above into concrete actions
    throw new io.cucumber.java.PendingException();
}
@Then(&quot;the {string} on the {string} Page should be {string}&quot;)
public void the_on_the_page_should_be(String string, String string2, String string3) {
    // Write code here that turns the phrase above into concrete actions
    throw new io.cucumber.java.PendingException();
}
" type="io.cucumber.junit.UndefinedStepException">io.cucumber.junit.UndefinedStepException: The step &apos;I am on the site homepage&apos; and 6 other step(s) are undefined.
You can implement these steps using the snippet(s) below:

@Given(&quot;I am on the site homepage&quot;)
public void i_am_on_the_site_homepage() {
    // Write code here that turns the phrase above into concrete actions
    throw new io.cucumber.java.PendingException();
}
@When(&quot;I click on {string} on the {string} Page&quot;)
public void i_click_on_on_the_page(String string, String string2) {
    // Write code here that turns the phrase above into concrete actions
    throw new io.cucumber.java.PendingException();
}
@When(&quot;I enter {string} into all the fields on the page&quot;)
public void i_enter_into_all_the_fields_on_the_page(String string) {
    // Write code here that turns the phrase above into concrete actions
    throw new io.cucumber.java.PendingException();
}
@When(&quot;I clear the {string} field on the Create Account Page&quot;)
public void i_clear_the_field_on_the_create_account_page(String string) {
    // Write code here that turns the phrase above into concrete actions
    throw new io.cucumber.java.PendingException();
}
@Then(&quot;the {string} on the {string} Page should be {string}&quot;)
public void the_on_the_page_should_be(String string, String string2, String string3) {
    // Write code here that turns the phrase above into concrete actions
    throw new io.cucumber.java.PendingException();
}

</error>
    <system-out>
Scenario Outline: All of the fields should display an error when not populated on form submission &amp;#27;[90m# src/test/Features/CucumberFile.feature:15&amp;#27;[0m
  &amp;#27;[33mGiven &amp;#27;[0m&amp;#27;[33mI am on the site homepage&amp;#27;[0m
  &amp;#27;[36mWhen &amp;#27;[0m&amp;#27;[36mI click on &quot;sign in link&quot; on the &quot;Home&quot; Page&amp;#27;[0m
  &amp;#27;[36mAnd &amp;#27;[0m&amp;#27;[36mI click on &quot;register&quot; on the &quot;Sign In&quot; Page&amp;#27;[0m
  &amp;#27;[36mAnd &amp;#27;[0m&amp;#27;[36mI enter &quot;tesT@test.com&quot; into all the fields on the page&amp;#27;[0m
  &amp;#27;[36mAnd &amp;#27;[0m&amp;#27;[36mI clear the &quot;name&quot; field on the Create Account Page&amp;#27;[0m
  &amp;#27;[36mAnd &amp;#27;[0m&amp;#27;[36mI click on &quot;submit&quot; on the &quot;Create Account&quot; Page&amp;#27;[0m
  &amp;#27;[36mThen &amp;#27;[0m&amp;#27;[36mthe &quot;missing_name_error&quot; on the &quot;create Account&quot; Page should be &quot;visible&quot;&amp;#27;[0m
</system-out>
  </testcase>
  <testcase classname="Amazon create account page should have verification on all the fields" name="All of the fields should display an error when not populated on form submission #2" time="0.115">
    <error message="The step &apos;I am on the site homepage&apos; and 6 other step(s) are undefined.
You can implement these steps using the snippet(s) below:

@Given(&quot;I am on the site homepage&quot;)
public void i_am_on_the_site_homepage() {
    // Write code here that turns the phrase above into concrete actions
    throw new io.cucumber.java.PendingException();
}
@When(&quot;I click on {string} on the {string} Page&quot;)
public void i_click_on_on_the_page(String string, String string2) {
    // Write code here that turns the phrase above into concrete actions
    throw new io.cucumber.java.PendingException();
}
@When(&quot;I enter {string} into all the fields on the page&quot;)
public void i_enter_into_all_the_fields_on_the_page(String string) {
    // Write code here that turns the phrase above into concrete actions
    throw new io.cucumber.java.PendingException();
}
@When(&quot;I clear the {string} field on the Create Account Page&quot;)
public void i_clear_the_field_on_the_create_account_page(String string) {
    // Write code here that turns the phrase above into concrete actions
    throw new io.cucumber.java.PendingException();
}
@Then(&quot;the {string} on the {string} Page should be {string}&quot;)
public void the_on_the_page_should_be(String string, String string2, String string3) {
    // Write code here that turns the phrase above into concrete actions
    throw new io.cucumber.java.PendingException();
}
" type="io.cucumber.junit.UndefinedStepException">io.cucumber.junit.UndefinedStepException: The step &apos;I am on the site homepage&apos; and 6 other step(s) are undefined.
You can implement these steps using the snippet(s) below:

@Given(&quot;I am on the site homepage&quot;)
public void i_am_on_the_site_homepage() {
    // Write code here that turns the phrase above into concrete actions
    throw new io.cucumber.java.PendingException();
}
@When(&quot;I click on {string} on the {string} Page&quot;)
public void i_click_on_on_the_page(String string, String string2) {
    // Write code here that turns the phrase above into concrete actions
    throw new io.cucumber.java.PendingException();
}
@When(&quot;I enter {string} into all the fields on the page&quot;)
public void i_enter_into_all_the_fields_on_the_page(String string) {
    // Write code here that turns the phrase above into concrete actions
    throw new io.cucumber.java.PendingException();
}
@When(&quot;I clear the {string} field on the Create Account Page&quot;)
public void i_clear_the_field_on_the_create_account_page(String string) {
    // Write code here that turns the phrase above into concrete actions
    throw new io.cucumber.java.PendingException();
}
@Then(&quot;the {string} on the {string} Page should be {string}&quot;)
public void the_on_the_page_should_be(String string, String string2, String string3) {
    // Write code here that turns the phrase above into concrete actions
    throw new io.cucumber.java.PendingException();
}

</error>
    <system-out>
Scenario Outline: All of the fields should display an error when not populated on form submission &amp;#27;[90m# src/test/Features/CucumberFile.feature:16&amp;#27;[0m
  &amp;#27;[33mGiven &amp;#27;[0m&amp;#27;[33mI am on the site homepage&amp;#27;[0m
  &amp;#27;[36mWhen &amp;#27;[0m&amp;#27;[36mI click on &quot;sign in link&quot; on the &quot;Home&quot; Page&amp;#27;[0m
  &amp;#27;[36mAnd &amp;#27;[0m&amp;#27;[36mI click on &quot;register&quot; on the &quot;Sign In&quot; Page&amp;#27;[0m
  &amp;#27;[36mAnd &amp;#27;[0m&amp;#27;[36mI enter &quot;tesT@test.com&quot; into all the fields on the page&amp;#27;[0m
  &amp;#27;[36mAnd &amp;#27;[0m&amp;#27;[36mI clear the &quot;email&quot; field on the Create Account Page&amp;#27;[0m
  &amp;#27;[36mAnd &amp;#27;[0m&amp;#27;[36mI click on &quot;submit&quot; on the &quot;Create Account&quot; Page&amp;#27;[0m
  &amp;#27;[36mThen &amp;#27;[0m&amp;#27;[36mthe &quot;missing_email_error&quot; on the &quot;create Account&quot; Page should be &quot;visible&quot;&amp;#27;[0m
</system-out>
  </testcase>
  <testcase classname="Amazon create account page should have verification on all the fields" name="All of the fields should display an error when not populated on form submission #3" time="0.187">
    <error message="The step &apos;I am on the site homepage&apos; and 6 other step(s) are undefined.
You can implement these steps using the snippet(s) below:

@Given(&quot;I am on the site homepage&quot;)
public void i_am_on_the_site_homepage() {
    // Write code here that turns the phrase above into concrete actions
    throw new io.cucumber.java.PendingException();
}
@When(&quot;I click on {string} on the {string} Page&quot;)
public void i_click_on_on_the_page(String string, String string2) {
    // Write code here that turns the phrase above into concrete actions
    throw new io.cucumber.java.PendingException();
}
@When(&quot;I enter {string} into all the fields on the page&quot;)
public void i_enter_into_all_the_fields_on_the_page(String string) {
    // Write code here that turns the phrase above into concrete actions
    throw new io.cucumber.java.PendingException();
}
@When(&quot;I clear the {string} field on the Create Account Page&quot;)
public void i_clear_the_field_on_the_create_account_page(String string) {
    // Write code here that turns the phrase above into concrete actions
    throw new io.cucumber.java.PendingException();
}
@Then(&quot;the {string} on the {string} Page should be {string}&quot;)
public void the_on_the_page_should_be(String string, String string2, String string3) {
    // Write code here that turns the phrase above into concrete actions
    throw new io.cucumber.java.PendingException();
}
" type="io.cucumber.junit.UndefinedStepException">io.cucumber.junit.UndefinedStepException: The step &apos;I am on the site homepage&apos; and 6 other step(s) are undefined.
You can implement these steps using the snippet(s) below:

@Given(&quot;I am on the site homepage&quot;)
public void i_am_on_the_site_homepage() {
    // Write code here that turns the phrase above into concrete actions
    throw new io.cucumber.java.PendingException();
}
@When(&quot;I click on {string} on the {string} Page&quot;)
public void i_click_on_on_the_page(String string, String string2) {
    // Write code here that turns the phrase above into concrete actions
    throw new io.cucumber.java.PendingException();
}
@When(&quot;I enter {string} into all the fields on the page&quot;)
public void i_enter_into_all_the_fields_on_the_page(String string) {
    // Write code here that turns the phrase above into concrete actions
    throw new io.cucumber.java.PendingException();
}
@When(&quot;I clear the {string} field on the Create Account Page&quot;)
public void i_clear_the_field_on_the_create_account_page(String string) {
    // Write code here that turns the phrase above into concrete actions
    throw new io.cucumber.java.PendingException();
}
@Then(&quot;the {string} on the {string} Page should be {string}&quot;)
public void the_on_the_page_should_be(String string, String string2, String string3) {
    // Write code here that turns the phrase above into concrete actions
    throw new io.cucumber.java.PendingException();
}

</error>
    <system-out>
Scenario Outline: All of the fields should display an error when not populated on form submission &amp;#27;[90m# src/test/Features/CucumberFile.feature:17&amp;#27;[0m
  &amp;#27;[33mGiven &amp;#27;[0m&amp;#27;[33mI am on the site homepage&amp;#27;[0m
  &amp;#27;[36mWhen &amp;#27;[0m&amp;#27;[36mI click on &quot;sign in link&quot; on the &quot;Home&quot; Page&amp;#27;[0m
  &amp;#27;[36mAnd &amp;#27;[0m&amp;#27;[36mI click on &quot;register&quot; on the &quot;Sign In&quot; Page&amp;#27;[0m
  &amp;#27;[36mAnd &amp;#27;[0m&amp;#27;[36mI enter &quot;tesT@test.com&quot; into all the fields on the page&amp;#27;[0m
  &amp;#27;[36mAnd &amp;#27;[0m&amp;#27;[36mI clear the &quot;password&quot; field on the Create Account Page&amp;#27;[0m
  &amp;#27;[36mAnd &amp;#27;[0m&amp;#27;[36mI click on &quot;submit&quot; on the &quot;Create Account&quot; Page&amp;#27;[0m
  &amp;#27;[36mThen &amp;#27;[0m&amp;#27;[36mthe &quot;missing_password_error&quot; on the &quot;create Account&quot; Page should be &quot;visible&quot;&amp;#27;[0m
</system-out>
  </testcase>
  <testcase classname="Amazon create account page should have verification on all the fields" name="All of the fields should display an error when not populated on form submission #4" time="0.034">
    <error message="The step &apos;I am on the site homepage&apos; and 6 other step(s) are undefined.
You can implement these steps using the snippet(s) below:

@Given(&quot;I am on the site homepage&quot;)
public void i_am_on_the_site_homepage() {
    // Write code here that turns the phrase above into concrete actions
    throw new io.cucumber.java.PendingException();
}
@When(&quot;I click on {string} on the {string} Page&quot;)
public void i_click_on_on_the_page(String string, String string2) {
    // Write code here that turns the phrase above into concrete actions
    throw new io.cucumber.java.PendingException();
}
@When(&quot;I enter {string} into all the fields on the page&quot;)
public void i_enter_into_all_the_fields_on_the_page(String string) {
    // Write code here that turns the phrase above into concrete actions
    throw new io.cucumber.java.PendingException();
}
@When(&quot;I clear the {string} field on the Create Account Page&quot;)
public void i_clear_the_field_on_the_create_account_page(String string) {
    // Write code here that turns the phrase above into concrete actions
    throw new io.cucumber.java.PendingException();
}
@Then(&quot;the {string} on the {string} Page should be {string}&quot;)
public void the_on_the_page_should_be(String string, String string2, String string3) {
    // Write code here that turns the phrase above into concrete actions
    throw new io.cucumber.java.PendingException();
}
" type="io.cucumber.junit.UndefinedStepException">io.cucumber.junit.UndefinedStepException: The step &apos;I am on the site homepage&apos; and 6 other step(s) are undefined.
You can implement these steps using the snippet(s) below:

@Given(&quot;I am on the site homepage&quot;)
public void i_am_on_the_site_homepage() {
    // Write code here that turns the phrase above into concrete actions
    throw new io.cucumber.java.PendingException();
}
@When(&quot;I click on {string} on the {string} Page&quot;)
public void i_click_on_on_the_page(String string, String string2) {
    // Write code here that turns the phrase above into concrete actions
    throw new io.cucumber.java.PendingException();
}
@When(&quot;I enter {string} into all the fields on the page&quot;)
public void i_enter_into_all_the_fields_on_the_page(String string) {
    // Write code here that turns the phrase above into concrete actions
    throw new io.cucumber.java.PendingException();
}
@When(&quot;I clear the {string} field on the Create Account Page&quot;)
public void i_clear_the_field_on_the_create_account_page(String string) {
    // Write code here that turns the phrase above into concrete actions
    throw new io.cucumber.java.PendingException();
}
@Then(&quot;the {string} on the {string} Page should be {string}&quot;)
public void the_on_the_page_should_be(String string, String string2, String string3) {
    // Write code here that turns the phrase above into concrete actions
    throw new io.cucumber.java.PendingException();
}

</error>
    <system-out>
Scenario Outline: All of the fields should display an error when not populated on form submission &amp;#27;[90m# src/test/Features/CucumberFile.feature:18&amp;#27;[0m
  &amp;#27;[33mGiven &amp;#27;[0m&amp;#27;[33mI am on the site homepage&amp;#27;[0m
  &amp;#27;[36mWhen &amp;#27;[0m&amp;#27;[36mI click on &quot;sign in link&quot; on the &quot;Home&quot; Page&amp;#27;[0m
  &amp;#27;[36mAnd &amp;#27;[0m&amp;#27;[36mI click on &quot;register&quot; on the &quot;Sign In&quot; Page&amp;#27;[0m
  &amp;#27;[36mAnd &amp;#27;[0m&amp;#27;[36mI enter &quot;tesT@test.com&quot; into all the fields on the page&amp;#27;[0m
  &amp;#27;[36mAnd &amp;#27;[0m&amp;#27;[36mI clear the &quot;confirm_passwd&quot; field on the Create Account Page&amp;#27;[0m
  &amp;#27;[36mAnd &amp;#27;[0m&amp;#27;[36mI click on &quot;submit&quot; on the &quot;Create Account&quot; Page&amp;#27;[0m
  &amp;#27;[36mThen &amp;#27;[0m&amp;#27;[36mthe &quot;missing_confirm_password_error&quot; on the &quot;create Account&quot; Page should be &quot;visible&quot;&amp;#27;[0m
</system-out>
  </testcase>
</testsuite>